<?xml version="1.0" encoding="UTF-8"?>
<!-- Generated by org.testng.reporters.JUnitReportReporter -->
<testsuite skipped="0" hostname="DESKTOP-AA4AD8I" name="com.project.TestNGProject.TC_003" tests="1" failures="0" timestamp="31 Oct 2019 15:55:09 GMT" time="13.530" errors="0">
  <testcase name="amazon" time="13.530" classname="com.project.TestNGProject.TC_003"/>
</testsuite> <!-- com.project.TestNGProject.TC_003 -->
