<?xml version="1.0" encoding="UTF-8"?>
<!-- Generated by org.testng.reporters.JUnitReportReporter -->
<testsuite skipped="0" hostname="DESKTOP-AA4AD8I" name="com.project.TestNGProject.TC_001" tests="1" failures="0" timestamp="31 Oct 2019 15:26:01 GMT" time="0.025" errors="0">
  <testcase name="f" time="0.025" classname="com.project.TestNGProject.TC_001"/>
</testsuite> <!-- com.project.TestNGProject.TC_001 -->
