<?xml version="1.0" encoding="UTF-8"?>
<!-- Generated by org.testng.reporters.JUnitReportReporter -->
<testsuite skipped="1" hostname="DESKTOP-AA4AD8I" name="com.project.TestNGProject.TC_002" tests="3" failures="0" timestamp="31 Oct 2019 15:35:48 GMT" time="0.022" errors="0">
  <testcase name="a" time="0.017" classname="com.project.TestNGProject.TC_002"/>
  <testcase name="f" time="0.005" classname="com.project.TestNGProject.TC_002"/>
  <testcase name="z" classname="com.project.TestNGProject.TC_002">
    <skipped/>
  </testcase> <!-- z -->
</testsuite> <!-- com.project.TestNGProject.TC_002 -->
